# JRE version: Java(TM) SE Runtime Environment (8.0_91-b14) (build 1.8.0_91-b14)
# Java VM: Java HotSpot(TM) 64-Bit Server VM (25.91-b14 mixed mode windows-amd64 compressed oops)
Heap:
 PSYoungGen      total 30208K, used 20480K [0x00000000d5e00000, 0x00000000d8880000, 0x0000000100000000)
  eden space 20480K, 100% used [0x00000000d5e00000,0x00000000d7200000,0x00000000d7200000)
  from space 9728K, 0% used [0x00000000d7f00000,0x00000000d7f00000,0x00000000d8880000)
  to   space 7680K, 0% used [0x00000000d7200000,0x00000000d7200000,0x00000000d7980000)
 ParOldGen       total 16896K, used 16716K [0x0000000081a00000, 0x0000000082a80000, 0x00000000d5e00000)
  object space 16896K, 98% used [0x0000000081a00000,0x0000000082a530a8,0x0000000082a80000)
 Metaspace       used 12982K, capacity 13116K, committed 13312K, reserved 1060864K
  class space    used 1461K, capacity 1496K, committed 1536K, reserved 1048576K
GC Heap History (10 events):
Event: 1.654 GC heap after
Heap after GC invocations=15 (full 5):
 PSYoungGen      total 30208K, used 3701K [0x00000000d5e00000, 0x00000000d8880000, 0x0000000100000000)
  eden space 20480K, 18% used [0x00000000d5e00000,0x00000000d619d4e0,0x00000000d7200000)
  from space 9728K, 0% used [0x00000000d7f00000,0x00000000d7f00000,0x00000000d8880000)
  to   space 7680K, 0% used [0x00000000d7200000,0x00000000d7200000,0x00000000d7980000)
 ParOldGen       total 16896K, used 16758K [0x0000000081a00000, 0x0000000082a80000, 0x00000000d5e00000)
  object space 16896K, 99% used [0x0000000081a00000,0x0000000082a5daa8,0x0000000082a80000)
 Metaspace       used 12878K, capacity 13052K, committed 13312K, reserved 1060864K
  class space    used 1459K, capacity 1496K, committed 1536K, reserved 1048576K
}
Event: 1.700 GC heap before
{Heap before GC invocations=16 (full 6):
 PSYoungGen      total 30208K, used 20480K [0x00000000d5e00000, 0x00000000d8880000, 0x0000000100000000)
  eden space 20480K, 100% used [0x00000000d5e00000,0x00000000d7200000,0x00000000d7200000)
  from space 9728K, 0% used [0x00000000d7f00000,0x00000000d7f00000,0x00000000d8880000)
  to   space 7680K, 0% used [0x00000000d7200000,0x00000000d7200000,0x00000000d7980000)
 ParOldGen       total 16896K, used 16758K [0x0000000081a00000, 0x0000000082a80000, 0x00000000d5e00000)
  object space 16896K, 99% used [0x0000000081a00000,0x0000000082a5daa8,0x0000000082a80000)
 Metaspace       used 12919K, capacity 13116K, committed 13312K, reserved 1060864K
  class space    used 1459K, capacity 1496K, committed 1536K, reserved 1048576K
Event: 1.723 GC heap after
Heap after GC invocations=16 (full 6):
 PSYoungGen      total 30208K, used 4052K [0x00000000d5e00000, 0x00000000d8880000, 0x0000000100000000)
  eden space 20480K, 19% used [0x00000000d5e00000,0x00000000d61f50e0,0x00000000d7200000)
  from space 9728K, 0% used [0x00000000d7f00000,0x00000000d7f00000,0x00000000d8880000)
  to   space 7680K, 0% used [0x00000000d7200000,0x00000000d7200000,0x00000000d7980000)
 ParOldGen       total 16896K, used 16758K [0x0000000081a00000, 0x0000000082a80000, 0x00000000d5e00000)
  object space 16896K, 99% used [0x0000000081a00000,0x0000000082a5d980,0x0000000082a80000)
 Metaspace       used 12919K, capacity 13116K, committed 13312K, reserved 1060864K
  class space    used 1459K, capacity 1496K, committed 1536K, reserved 1048576K
}
Event: 1.756 GC heap before
{Heap before GC invocations=17 (full 7):
 PSYoungGen      total 30208K, used 20480K [0x00000000d5e00000, 0x00000000d8880000, 0x0000000100000000)
  eden space 20480K, 100% used [0x00000000d5e00000,0x00000000d7200000,0x00000000d7200000)
  from space 9728K, 0% used [0x00000000d7f00000,0x00000000d7f00000,0x00000000d8880000)
  to   space 7680K, 0% used [0x00000000d7200000,0x00000000d7200000,0x00000000d7980000)
 ParOldGen       total 16896K, used 16758K [0x0000000081a00000, 0x0000000082a80000, 0x00000000d5e00000)
  object space 16896K, 99% used [0x0000000081a00000,0x0000000082a5d980,0x0000000082a80000)
 Metaspace       used 12932K, capacity 13116K, committed 13312K, reserved 1060864K
  class space    used 1459K, capacity 1496K, committed 1536K, reserved 1048576K
Event: 1.782 GC heap after
Heap after GC invocations=17 (full 7):
 PSYoungGen      total 30208K, used 4156K [0x00000000d5e00000, 0x00000000d8880000, 0x0000000100000000)
  eden space 20480K, 20% used [0x00000000d5e00000,0x00000000d620f130,0x00000000d7200000)
  from space 9728K, 0% used [0x00000000d7f00000,0x00000000d7f00000,0x00000000d8880000)
  to   space 7680K, 0% used [0x00000000d7200000,0x00000000d7200000,0x00000000d7980000)
 ParOldGen       total 16896K, used 16758K [0x0000000081a00000, 0x0000000082a80000, 0x00000000d5e00000)
  object space 16896K, 99% used [0x0000000081a00000,0x0000000082a5d948,0x0000000082a80000)
 Metaspace       used 12932K, capacity 13116K, committed 13312K, reserved 1060864K
  class space    used 1459K, capacity 1496K, committed 1536K, reserved 1048576K
}
Event: 1.814 GC heap before
{Heap before GC invocations=18 (full 8):
 PSYoungGen      total 30208K, used 20480K [0x00000000d5e00000, 0x00000000d8880000, 0x0000000100000000)
  eden space 20480K, 100% used [0x00000000d5e00000,0x00000000d7200000,0x00000000d7200000)
  from space 9728K, 0% used [0x00000000d7f00000,0x00000000d7f00000,0x00000000d8880000)
  to   space 7680K, 0% used [0x00000000d7200000,0x00000000d7200000,0x00000000d7980000)
 ParOldGen       total 16896K, used 16758K [0x0000000081a00000, 0x0000000082a80000, 0x00000000d5e00000)
  object space 16896K, 99% used [0x0000000081a00000,0x0000000082a5d948,0x0000000082a80000)
 Metaspace       used 12933K, capacity 13116K, committed 13312K, reserved 1060864K
  class space    used 1459K, capacity 1496K, committed 1536K, reserved 1048576K
Event: 1.838 GC heap after
Heap after GC invocations=18 (full 8):
 PSYoungGen      total 30208K, used 4158K [0x00000000d5e00000, 0x00000000d8880000, 0x0000000100000000)
  eden space 20480K, 20% used [0x00000000d5e00000,0x00000000d620f9c8,0x00000000d7200000)
  from space 9728K, 0% used [0x00000000d7f00000,0x00000000d7f00000,0x00000000d8880000)
  to   space 7680K, 0% used [0x00000000d7200000,0x00000000d7200000,0x00000000d7980000)
 ParOldGen       total 16896K, used 16758K [0x0000000081a00000, 0x0000000082a80000, 0x00000000d5e00000)
  object space 16896K, 99% used [0x0000000081a00000,0x0000000082a5d948,0x0000000082a80000)
 Metaspace       used 12933K, capacity 13116K, committed 13312K, reserved 1060864K
  class space    used 1459K, capacity 1496K, committed 1536K, reserved 1048576K
}
Event: 1.900 GC heap before
{Heap before GC invocations=19 (full 9):
 PSYoungGen      total 30208K, used 20480K [0x00000000d5e00000, 0x00000000d8880000, 0x0000000100000000)
  eden space 20480K, 100% used [0x00000000d5e00000,0x00000000d7200000,0x00000000d7200000)
  from space 9728K, 0% used [0x00000000d7f00000,0x00000000d7f00000,0x00000000d8880000)
  to   space 7680K, 0% used [0x00000000d7200000,0x00000000d7200000,0x00000000d7980000)
 ParOldGen       total 16896K, used 16758K [0x0000000081a00000, 0x0000000082a80000, 0x00000000d5e00000)
  object space 16896K, 99% used [0x0000000081a00000,0x0000000082a5d948,0x0000000082a80000)
 Metaspace       used 12941K, capacity 13116K, committed 13312K, reserved 1060864K
  class space    used 1459K, capacity 1496K, committed 1536K, reserved 1048576K
Event: 1.926 GC heap after
Heap after GC invocations=19 (full 9):
 PSYoungGen      total 30208K, used 3739K [0x00000000d5e00000, 0x00000000d8880000, 0x0000000100000000)
  eden space 20480K, 18% used [0x00000000d5e00000,0x00000000d61a6ec8,0x00000000d7200000)
  from space 9728K, 0% used [0x00000000d7f00000,0x00000000d7f00000,0x00000000d8880000)
  to   space 7680K, 0% used [0x00000000d7200000,0x00000000d7200000,0x00000000d7980000)
 ParOldGen       total 16896K, used 16716K [0x0000000081a00000, 0x0000000082a80000, 0x00000000d5e00000)
  object space 16896K, 98% used [0x0000000081a00000,0x0000000082a530a8,0x0000000082a80000)
 Metaspace       used 12941K, capacity 13116K, committed 13312K, reserved 1060864K
  class space    used 1459K, capacity 1496K, committed 1536K, reserved 1048576K
}
Event: 1.978 GC heap before
{Heap before GC invocations=20 (full 10):
 PSYoungGen      total 30208K, used 20480K [0x00000000d5e00000, 0x00000000d8880000, 0x0000000100000000)
  eden space 20480K, 100% used [0x00000000d5e00000,0x00000000d7200000,0x00000000d7200000)
  from space 9728K, 0% used [0x00000000d7f00000,0x00000000d7f00000,0x00000000d8880000)
  to   space 7680K, 0% used [0x00000000d7200000,0x00000000d7200000,0x00000000d7980000)
 ParOldGen       total 16896K, used 16716K [0x0000000081a00000, 0x0000000082a80000, 0x00000000d5e00000)
  object space 16896K, 98% used [0x0000000081a00000,0x0000000082a530a8,0x0000000082a80000)
 Metaspace       used 12982K, capacity 13116K, committed 13312K, reserved 1060864K
  class space    used 1461K, capacity 1496K, committed 1536K, reserved 1048576K

