# JRE version: Java(TM) SE Runtime Environment (8.0_91-b14) (build 1.8.0_91-b14)
# Java VM: Java HotSpot(TM) 64-Bit Server VM (25.91-b14 mixed mode windows-amd64 compressed oops)
Heap:
 PSYoungGen      total 28160K, used 14220K [0x00000000d5e00000, 0x00000000d8100000, 0x0000000100000000)
  eden space 20480K, 62% used [0x00000000d5e00000,0x00000000d6a66f20,0x00000000d7200000)
  from space 7680K, 19% used [0x00000000d7200000,0x00000000d737c448,0x00000000d7980000)
  to   space 6144K, 0% used [0x00000000d7b00000,0x00000000d7b00000,0x00000000d8100000)
 ParOldGen       total 23552K, used 15834K [0x0000000081a00000, 0x0000000083100000, 0x00000000d5e00000)
  object space 23552K, 67% used [0x0000000081a00000,0x0000000082976b78,0x0000000083100000)
 Metaspace       used 10170K, capacity 10272K, committed 10496K, reserved 1058816K
  class space    used 1145K, capacity 1172K, committed 1280K, reserved 1048576K
GC Heap History (10 events):
Event: 0.715 GC heap before
{Heap before GC invocations=7 (full 0):
 PSYoungGen      total 13824K, used 13800K [0x00000000d5e00000, 0x00000000d6f00000, 0x0000000100000000)
  eden space 11776K, 100% used [0x00000000d5e00000,0x00000000d6980000,0x00000000d6980000)
  from space 2048K, 98% used [0x00000000d6c00000,0x00000000d6dfa2f0,0x00000000d6e00000)
  to   space 2560K, 0% used [0x00000000d6980000,0x00000000d6980000,0x00000000d6c00000)
 ParOldGen       total 5632K, used 2829K [0x0000000081a00000, 0x0000000081f80000, 0x00000000d5e00000)
  object space 5632K, 50% used [0x0000000081a00000,0x0000000081cc36b8,0x0000000081f80000)
 Metaspace       used 8393K, capacity 8736K, committed 9088K, reserved 1056768K
  class space    used 995K, capacity 1044K, committed 1152K, reserved 1048576K
Event: 0.729 GC heap after
Heap after GC invocations=7 (full 0):
 PSYoungGen      total 14336K, used 2539K [0x00000000d5e00000, 0x00000000d8100000, 0x0000000100000000)
  eden space 11776K, 0% used [0x00000000d5e00000,0x00000000d5e00000,0x00000000d6980000)
  from space 2560K, 99% used [0x00000000d6980000,0x00000000d6bfade8,0x00000000d6c00000)
  to   space 6144K, 0% used [0x00000000d7b00000,0x00000000d7b00000,0x00000000d8100000)
 ParOldGen       total 9216K, used 8856K [0x0000000081a00000, 0x0000000082300000, 0x00000000d5e00000)
  object space 9216K, 96% used [0x0000000081a00000,0x00000000822a63a8,0x0000000082300000)
 Metaspace       used 8393K, capacity 8736K, committed 9088K, reserved 1056768K
  class space    used 995K, capacity 1044K, committed 1152K, reserved 1048576K
}
Event: 0.729 GC heap before
{Heap before GC invocations=8 (full 1):
 PSYoungGen      total 14336K, used 2539K [0x00000000d5e00000, 0x00000000d8100000, 0x0000000100000000)
  eden space 11776K, 0% used [0x00000000d5e00000,0x00000000d5e00000,0x00000000d6980000)
  from space 2560K, 99% used [0x00000000d6980000,0x00000000d6bfade8,0x00000000d6c00000)
  to   space 6144K, 0% used [0x00000000d7b00000,0x00000000d7b00000,0x00000000d8100000)
 ParOldGen       total 9216K, used 8856K [0x0000000081a00000, 0x0000000082300000, 0x00000000d5e00000)
  object space 9216K, 96% used [0x0000000081a00000,0x00000000822a63a8,0x0000000082300000)
 Metaspace       used 8393K, capacity 8736K, committed 9088K, reserved 1056768K
  class space    used 995K, capacity 1044K, committed 1152K, reserved 1048576K
Event: 0.789 GC heap after
Heap after GC invocations=8 (full 1):
 PSYoungGen      total 14336K, used 1982K [0x00000000d5e00000, 0x00000000d8100000, 0x0000000100000000)
  eden space 11776K, 0% used [0x00000000d5e00000,0x00000000d5e00000,0x00000000d6980000)
  from space 2560K, 77% used [0x00000000d6980000,0x00000000d6b6fbf0,0x00000000d6c00000)
  to   space 6144K, 0% used [0x00000000d7b00000,0x00000000d7b00000,0x00000000d8100000)
 ParOldGen       total 15872K, used 9069K [0x0000000081a00000, 0x0000000082980000, 0x00000000d5e00000)
  object space 15872K, 57% used [0x0000000081a00000,0x00000000822db5f8,0x0000000082980000)
 Metaspace       used 8393K, capacity 8736K, committed 9088K, reserved 1056768K
  class space    used 995K, capacity 1044K, committed 1152K, reserved 1048576K
}
Event: 0.873 GC heap before
{Heap before GC invocations=9 (full 1):
 PSYoungGen      total 14336K, used 13758K [0x00000000d5e00000, 0x00000000d8100000, 0x0000000100000000)
  eden space 11776K, 100% used [0x00000000d5e00000,0x00000000d6980000,0x00000000d6980000)
  from space 2560K, 77% used [0x00000000d6980000,0x00000000d6b6fbf0,0x00000000d6c00000)
  to   space 6144K, 0% used [0x00000000d7b00000,0x00000000d7b00000,0x00000000d8100000)
 ParOldGen       total 15872K, used 9069K [0x0000000081a00000, 0x0000000082980000, 0x00000000d5e00000)
  object space 15872K, 57% used [0x0000000081a00000,0x00000000822db5f8,0x0000000082980000)
 Metaspace       used 8730K, capacity 8928K, committed 9088K, reserved 1056768K
  class space    used 1023K, capacity 1044K, committed 1152K, reserved 1048576K
Event: 0.974 GC heap after
Heap after GC invocations=9 (full 1):
 PSYoungGen      total 26624K, used 6116K [0x00000000d5e00000, 0x00000000d8100000, 0x0000000100000000)
  eden space 20480K, 0% used [0x00000000d5e00000,0x00000000d5e00000,0x00000000d7200000)
  from space 6144K, 99% used [0x00000000d7b00000,0x00000000d80f9240,0x00000000d8100000)
  to   space 7680K, 0% used [0x00000000d7200000,0x00000000d7200000,0x00000000d7980000)
 ParOldGen       total 15872K, used 10158K [0x0000000081a00000, 0x0000000082980000, 0x00000000d5e00000)
  object space 15872K, 64% used [0x0000000081a00000,0x00000000823eb970,0x0000000082980000)
 Metaspace       used 8730K, capacity 8928K, committed 9088K, reserved 1056768K
  class space    used 1023K, capacity 1044K, committed 1152K, reserved 1048576K
}
Event: 1.175 GC heap before
{Heap before GC invocations=10 (full 1):
 PSYoungGen      total 26624K, used 26596K [0x00000000d5e00000, 0x00000000d8100000, 0x0000000100000000)
  eden space 20480K, 100% used [0x00000000d5e00000,0x00000000d7200000,0x00000000d7200000)
  from space 6144K, 99% used [0x00000000d7b00000,0x00000000d80f9240,0x00000000d8100000)
  to   space 7680K, 0% used [0x00000000d7200000,0x00000000d7200000,0x00000000d7980000)
 ParOldGen       total 15872K, used 10158K [0x0000000081a00000, 0x0000000082980000, 0x00000000d5e00000)
  object space 15872K, 64% used [0x0000000081a00000,0x00000000823eb970,0x0000000082980000)
 Metaspace       used 9186K, capacity 9344K, committed 9600K, reserved 1058816K
  class space    used 1047K, capacity 1076K, committed 1152K, reserved 1048576K
Event: 1.194 GC heap after
Heap after GC invocations=10 (full 1):
 PSYoungGen      total 28160K, used 7675K [0x00000000d5e00000, 0x00000000d8100000, 0x0000000100000000)
  eden space 20480K, 0% used [0x00000000d5e00000,0x00000000d5e00000,0x00000000d7200000)
  from space 7680K, 99% used [0x00000000d7200000,0x00000000d797ee98,0x00000000d7980000)
  to   space 6144K, 0% used [0x00000000d7b00000,0x00000000d7b00000,0x00000000d8100000)
 ParOldGen       total 15872K, used 12581K [0x0000000081a00000, 0x0000000082980000, 0x00000000d5e00000)
  object space 15872K, 79% used [0x0000000081a00000,0x0000000082649728,0x0000000082980000)
 Metaspace       used 9186K, capacity 9344K, committed 9600K, reserved 1058816K
  class space    used 1047K, capacity 1076K, committed 1152K, reserved 1048576K
}
Event: 1.194 GC heap before
{Heap before GC invocations=11 (full 2):
 PSYoungGen      total 28160K, used 7675K [0x00000000d5e00000, 0x00000000d8100000, 0x0000000100000000)
  eden space 20480K, 0% used [0x00000000d5e00000,0x00000000d5e00000,0x00000000d7200000)
  from space 7680K, 99% used [0x00000000d7200000,0x00000000d797ee98,0x00000000d7980000)
  to   space 6144K, 0% used [0x00000000d7b00000,0x00000000d7b00000,0x00000000d8100000)
 ParOldGen       total 15872K, used 12581K [0x0000000081a00000, 0x0000000082980000, 0x00000000d5e00000)
  object space 15872K, 79% used [0x0000000081a00000,0x0000000082649728,0x0000000082980000)
 Metaspace       used 9186K, capacity 9344K, committed 9600K, reserved 1058816K
  class space    used 1047K, capacity 1076K, committed 1152K, reserved 1048576K
Event: 1.257 GC heap after
Heap after GC invocations=11 (full 2):
 PSYoungGen      total 28160K, used 1521K [0x00000000d5e00000, 0x00000000d8100000, 0x0000000100000000)
  eden space 20480K, 0% used [0x00000000d5e00000,0x00000000d5e00000,0x00000000d7200000)
  from space 7680K, 19% used [0x00000000d7200000,0x00000000d737c448,0x00000000d7980000)
  to   space 6144K, 0% used [0x00000000d7b00000,0x00000000d7b00000,0x00000000d8100000)
 ParOldGen       total 23552K, used 15834K [0x0000000081a00000, 0x0000000083100000, 0x00000000d5e00000)
  object space 23552K, 67% used [0x0000000081a00000,0x0000000082976b78,0x0000000083100000)
 Metaspace       used 9186K, capacity 9344K, committed 9600K, reserved 1058816K
  class space    used 1047K, capacity 1076K, committed 1152K, reserved 1048576K
}

