# JRE version: Java(TM) SE Runtime Environment (8.0_91-b14) (build 1.8.0_91-b14)
# Java VM: Java HotSpot(TM) 64-Bit Server VM (25.91-b14 mixed mode windows-amd64 compressed oops)
Heap:
 PSYoungGen      total 75264K, used 33425K [0x00000000d5e00000, 0x00000000db100000, 0x0000000100000000)
  eden space 70656K, 45% used [0x00000000d5e00000,0x00000000d7dbc6b8,0x00000000da300000)
  from space 4608K, 20% used [0x00000000da300000,0x00000000da3e8000,0x00000000da780000)
  to   space 5120K, 0% used [0x00000000da780000,0x00000000da780000,0x00000000dac80000)
 ParOldGen       total 30720K, used 21481K [0x0000000081a00000, 0x0000000083800000, 0x00000000d5e00000)
  object space 30720K, 69% used [0x0000000081a00000,0x0000000082efa6c0,0x0000000083800000)
 Metaspace       used 13648K, capacity 13958K, committed 14208K, reserved 1062912K
  class space    used 1491K, capacity 1567K, committed 1664K, reserved 1048576K
GC Heap History (10 events):
Event: 3.505 GC heap before
{Heap before GC invocations=28 (full 3):
 PSYoungGen      total 62976K, used 58976K [0x00000000d5e00000, 0x00000000da280000, 0x0000000100000000)
  eden space 57856K, 100% used [0x00000000d5e00000,0x00000000d9680000,0x00000000d9680000)
  from space 5120K, 21% used [0x00000000d9d80000,0x00000000d9e98000,0x00000000da280000)
  to   space 6144K, 0% used [0x00000000d9680000,0x00000000d9680000,0x00000000d9c80000)
 ParOldGen       total 30720K, used 20945K [0x0000000081a00000, 0x0000000083800000, 0x00000000d5e00000)
  object space 30720K, 68% used [0x0000000081a00000,0x0000000082e746c0,0x0000000083800000)
 Metaspace       used 13456K, capacity 13670K, committed 13824K, reserved 1060864K
  class space    used 1484K, capacity 1535K, committed 1536K, reserved 1048576K
Event: 3.508 GC heap after
Heap after GC invocations=28 (full 3):
 PSYoungGen      total 64000K, used 1296K [0x00000000d5e00000, 0x00000000da800000, 0x0000000100000000)
  eden space 57856K, 0% used [0x00000000d5e00000,0x00000000d5e00000,0x00000000d9680000)
  from space 6144K, 21% used [0x00000000d9680000,0x00000000d97c4010,0x00000000d9c80000)
  to   space 5632K, 0% used [0x00000000da280000,0x00000000da280000,0x00000000da800000)
 ParOldGen       total 30720K, used 20945K [0x0000000081a00000, 0x0000000083800000, 0x00000000d5e00000)
  object space 30720K, 68% used [0x0000000081a00000,0x0000000082e746c0,0x0000000083800000)
 Metaspace       used 13456K, capacity 13670K, committed 13824K, reserved 1060864K
  class space    used 1484K, capacity 1535K, committed 1536K, reserved 1048576K
}
Event: 3.741 GC heap before
{Heap before GC invocations=29 (full 3):
 PSYoungGen      total 64000K, used 59152K [0x00000000d5e00000, 0x00000000da800000, 0x0000000100000000)
  eden space 57856K, 100% used [0x00000000d5e00000,0x00000000d9680000,0x00000000d9680000)
  from space 6144K, 21% used [0x00000000d9680000,0x00000000d97c4010,0x00000000d9c80000)
  to   space 5632K, 0% used [0x00000000da280000,0x00000000da280000,0x00000000da800000)
 ParOldGen       total 30720K, used 20945K [0x0000000081a00000, 0x0000000083800000, 0x00000000d5e00000)
  object space 30720K, 68% used [0x0000000081a00000,0x0000000082e746c0,0x0000000083800000)
 Metaspace       used 13593K, capacity 13830K, committed 13952K, reserved 1060864K
  class space    used 1491K, capacity 1567K, committed 1664K, reserved 1048576K
Event: 3.757 GC heap after
Heap after GC invocations=29 (full 3):
 PSYoungGen      total 69120K, used 960K [0x00000000d5e00000, 0x00000000da780000, 0x0000000100000000)
  eden space 64000K, 0% used [0x00000000d5e00000,0x00000000d5e00000,0x00000000d9c80000)
  from space 5120K, 18% used [0x00000000da280000,0x00000000da370000,0x00000000da780000)
  to   space 5632K, 0% used [0x00000000d9c80000,0x00000000d9c80000,0x00000000da200000)
 ParOldGen       total 30720K, used 20953K [0x0000000081a00000, 0x0000000083800000, 0x00000000d5e00000)
  object space 30720K, 68% used [0x0000000081a00000,0x0000000082e766c0,0x0000000083800000)
 Metaspace       used 13593K, capacity 13830K, committed 13952K, reserved 1060864K
  class space    used 1491K, capacity 1567K, committed 1664K, reserved 1048576K
}
Event: 4.027 GC heap before
{Heap before GC invocations=30 (full 3):
 PSYoungGen      total 69120K, used 64960K [0x00000000d5e00000, 0x00000000da780000, 0x0000000100000000)
  eden space 64000K, 100% used [0x00000000d5e00000,0x00000000d9c80000,0x00000000d9c80000)
  from space 5120K, 18% used [0x00000000da280000,0x00000000da370000,0x00000000da780000)
  to   space 5632K, 0% used [0x00000000d9c80000,0x00000000d9c80000,0x00000000da200000)
 ParOldGen       total 30720K, used 20953K [0x0000000081a00000, 0x0000000083800000, 0x00000000d5e00000)
  object space 30720K, 68% used [0x0000000081a00000,0x0000000082e766c0,0x0000000083800000)
 Metaspace       used 13641K, capacity 13958K, committed 14208K, reserved 1062912K
  class space    used 1491K, capacity 1567K, committed 1664K, reserved 1048576K
Event: 4.033 GC heap after
Heap after GC invocations=30 (full 3):
 PSYoungGen      total 69632K, used 1504K [0x00000000d5e00000, 0x00000000dac80000, 0x0000000100000000)
  eden space 64000K, 0% used [0x00000000d5e00000,0x00000000d5e00000,0x00000000d9c80000)
  from space 5632K, 26% used [0x00000000d9c80000,0x00000000d9df8000,0x00000000da200000)
  to   space 5120K, 0% used [0x00000000da780000,0x00000000da780000,0x00000000dac80000)
 ParOldGen       total 30720K, used 20953K [0x0000000081a00000, 0x0000000083800000, 0x00000000d5e00000)
  object space 30720K, 68% used [0x0000000081a00000,0x0000000082e766c0,0x0000000083800000)
 Metaspace       used 13641K, capacity 13958K, committed 14208K, reserved 1062912K
  class space    used 1491K, capacity 1567K, committed 1664K, reserved 1048576K
}
Event: 4.204 GC heap before
{Heap before GC invocations=31 (full 3):
 PSYoungGen      total 69632K, used 65504K [0x00000000d5e00000, 0x00000000dac80000, 0x0000000100000000)
  eden space 64000K, 100% used [0x00000000d5e00000,0x00000000d9c80000,0x00000000d9c80000)
  from space 5632K, 26% used [0x00000000d9c80000,0x00000000d9df8000,0x00000000da200000)
  to   space 5120K, 0% used [0x00000000da780000,0x00000000da780000,0x00000000dac80000)
 ParOldGen       total 30720K, used 20953K [0x0000000081a00000, 0x0000000083800000, 0x00000000d5e00000)
  object space 30720K, 68% used [0x0000000081a00000,0x0000000082e766c0,0x0000000083800000)
 Metaspace       used 13644K, capacity 13958K, committed 14208K, reserved 1062912K
  class space    used 1491K, capacity 1567K, committed 1664K, reserved 1048576K
Event: 4.439 GC heap after
Heap after GC invocations=31 (full 3):
 PSYoungGen      total 75776K, used 1600K [0x00000000d5e00000, 0x00000000db100000, 0x0000000100000000)
  eden space 70656K, 0% used [0x00000000d5e00000,0x00000000d5e00000,0x00000000da300000)
  from space 5120K, 31% used [0x00000000da780000,0x00000000da910000,0x00000000dac80000)
  to   space 4608K, 0% used [0x00000000da300000,0x00000000da300000,0x00000000da780000)
 ParOldGen       total 30720K, used 20953K [0x0000000081a00000, 0x0000000083800000, 0x00000000d5e00000)
  object space 30720K, 68% used [0x0000000081a00000,0x0000000082e766c0,0x0000000083800000)
 Metaspace       used 13644K, capacity 13958K, committed 14208K, reserved 1062912K
  class space    used 1491K, capacity 1567K, committed 1664K, reserved 1048576K
}
Event: 4.639 GC heap before
{Heap before GC invocations=32 (full 3):
 PSYoungGen      total 75776K, used 72256K [0x00000000d5e00000, 0x00000000db100000, 0x0000000100000000)
  eden space 70656K, 100% used [0x00000000d5e00000,0x00000000da300000,0x00000000da300000)
  from space 5120K, 31% used [0x00000000da780000,0x00000000da910000,0x00000000dac80000)
  to   space 4608K, 0% used [0x00000000da300000,0x00000000da300000,0x00000000da780000)
 ParOldGen       total 30720K, used 20953K [0x0000000081a00000, 0x0000000083800000, 0x00000000d5e00000)
  object space 30720K, 68% used [0x0000000081a00000,0x0000000082e766c0,0x0000000083800000)
 Metaspace       used 13648K, capacity 13958K, committed 14208K, reserved 1062912K
  class space    used 1491K, capacity 1567K, committed 1664K, reserved 1048576K
Event: 4.653 GC heap after
Heap after GC invocations=32 (full 3):
 PSYoungGen      total 75264K, used 928K [0x00000000d5e00000, 0x00000000db100000, 0x0000000100000000)
  eden space 70656K, 0% used [0x00000000d5e00000,0x00000000d5e00000,0x00000000da300000)
  from space 4608K, 20% used [0x00000000da300000,0x00000000da3e8000,0x00000000da780000)
  to   space 5120K, 0% used [0x00000000da780000,0x00000000da780000,0x00000000dac80000)
 ParOldGen       total 30720K, used 21481K [0x0000000081a00000, 0x0000000083800000, 0x00000000d5e00000)
  object space 30720K, 69% used [0x0000000081a00000,0x0000000082efa6c0,0x0000000083800000)
 Metaspace       used 13648K, capacity 13958K, committed 14208K, reserved 1062912K
  class space    used 1491K, capacity 1567K, committed 1664K, reserved 1048576K
}

