# JRE version: Java(TM) SE Runtime Environment (8.0_91-b14) (build 1.8.0_91-b14)
# Java VM: Java HotSpot(TM) 64-Bit Server VM (25.91-b14 mixed mode windows-amd64 compressed oops)
Heap:
 PSYoungGen      total 34304K, used 8610K [0x00000000d5e00000, 0x00000000d8d00000, 0x0000000100000000)
  eden space 24576K, 9% used [0x00000000d5e00000,0x00000000d6066498,0x00000000d7600000)
  from space 9728K, 63% used [0x00000000d8380000,0x00000000d8982450,0x00000000d8d00000)
  to   space 9216K, 0% used [0x00000000d7600000,0x00000000d7600000,0x00000000d7f00000)
 ParOldGen       total 25088K, used 16489K [0x0000000081a00000, 0x0000000083280000, 0x00000000d5e00000)
  object space 25088K, 65% used [0x0000000081a00000,0x0000000082a1a5b8,0x0000000083280000)
 Metaspace       used 12981K, capacity 13124K, committed 13312K, reserved 1060864K
  class space    used 1459K, capacity 1496K, committed 1536K, reserved 1048576K
GC Heap History (10 events):
Event: 1.458 GC heap before
{Heap before GC invocations=16 (full 2):
 PSYoungGen      total 24576K, used 23241K [0x00000000d5e00000, 0x00000000d8180000, 0x0000000100000000)
  eden space 17408K, 100% used [0x00000000d5e00000,0x00000000d6f00000,0x00000000d6f00000)
  from space 7168K, 81% used [0x00000000d6f00000,0x00000000d74b2460,0x00000000d7600000)
  to   space 7680K, 0% used [0x00000000d7a00000,0x00000000d7a00000,0x00000000d8180000)
 ParOldGen       total 25088K, used 16393K [0x0000000081a00000, 0x0000000083280000, 0x00000000d5e00000)
  object space 25088K, 65% used [0x0000000081a00000,0x0000000082a025a8,0x0000000083280000)
 Metaspace       used 12930K, capacity 13124K, committed 13312K, reserved 1060864K
  class space    used 1459K, capacity 1496K, committed 1536K, reserved 1048576K
Event: 1.463 GC heap after
Heap after GC invocations=16 (full 2):
 PSYoungGen      total 28160K, used 5905K [0x00000000d5e00000, 0x00000000d8300000, 0x0000000100000000)
  eden space 20480K, 0% used [0x00000000d5e00000,0x00000000d5e00000,0x00000000d7200000)
  from space 7680K, 76% used [0x00000000d7a00000,0x00000000d7fc4628,0x00000000d8180000)
  to   space 8192K, 0% used [0x00000000d7200000,0x00000000d7200000,0x00000000d7a00000)
 ParOldGen       total 25088K, used 16465K [0x0000000081a00000, 0x0000000083280000, 0x00000000d5e00000)
  object space 25088K, 65% used [0x0000000081a00000,0x0000000082a145b8,0x0000000083280000)
 Metaspace       used 12930K, capacity 13124K, committed 13312K, reserved 1060864K
  class space    used 1459K, capacity 1496K, committed 1536K, reserved 1048576K
}
Event: 1.515 GC heap before
{Heap before GC invocations=17 (full 2):
 PSYoungGen      total 28160K, used 26385K [0x00000000d5e00000, 0x00000000d8300000, 0x0000000100000000)
  eden space 20480K, 100% used [0x00000000d5e00000,0x00000000d7200000,0x00000000d7200000)
  from space 7680K, 76% used [0x00000000d7a00000,0x00000000d7fc4628,0x00000000d8180000)
  to   space 8192K, 0% used [0x00000000d7200000,0x00000000d7200000,0x00000000d7a00000)
 ParOldGen       total 25088K, used 16465K [0x0000000081a00000, 0x0000000083280000, 0x00000000d5e00000)
  object space 25088K, 65% used [0x0000000081a00000,0x0000000082a145b8,0x0000000083280000)
 Metaspace       used 12941K, capacity 13124K, committed 13312K, reserved 1060864K
  class space    used 1459K, capacity 1496K, committed 1536K, reserved 1048576K
Event: 1.520 GC heap after
Heap after GC invocations=17 (full 2):
 PSYoungGen      total 28672K, used 5913K [0x00000000d5e00000, 0x00000000d8780000, 0x0000000100000000)
  eden space 20480K, 0% used [0x00000000d5e00000,0x00000000d5e00000,0x00000000d7200000)
  from space 8192K, 72% used [0x00000000d7200000,0x00000000d77c6460,0x00000000d7a00000)
  to   space 8704K, 0% used [0x00000000d7f00000,0x00000000d7f00000,0x00000000d8780000)
 ParOldGen       total 25088K, used 16473K [0x0000000081a00000, 0x0000000083280000, 0x00000000d5e00000)
  object space 25088K, 65% used [0x0000000081a00000,0x0000000082a165b8,0x0000000083280000)
 Metaspace       used 12941K, capacity 13124K, committed 13312K, reserved 1060864K
  class space    used 1459K, capacity 1496K, committed 1536K, reserved 1048576K
}
Event: 1.570 GC heap before
{Heap before GC invocations=18 (full 2):
 PSYoungGen      total 28672K, used 26393K [0x00000000d5e00000, 0x00000000d8780000, 0x0000000100000000)
  eden space 20480K, 100% used [0x00000000d5e00000,0x00000000d7200000,0x00000000d7200000)
  from space 8192K, 72% used [0x00000000d7200000,0x00000000d77c6460,0x00000000d7a00000)
  to   space 8704K, 0% used [0x00000000d7f00000,0x00000000d7f00000,0x00000000d8780000)
 ParOldGen       total 25088K, used 16473K [0x0000000081a00000, 0x0000000083280000, 0x00000000d5e00000)
  object space 25088K, 65% used [0x0000000081a00000,0x0000000082a165b8,0x0000000083280000)
 Metaspace       used 12974K, capacity 13124K, committed 13312K, reserved 1060864K
  class space    used 1459K, capacity 1496K, committed 1536K, reserved 1048576K
Event: 1.574 GC heap after
Heap after GC invocations=18 (full 2):
 PSYoungGen      total 33280K, used 6281K [0x00000000d5e00000, 0x00000000d8880000, 0x0000000100000000)
  eden space 24576K, 0% used [0x00000000d5e00000,0x00000000d5e00000,0x00000000d7600000)
  from space 8704K, 72% used [0x00000000d7f00000,0x00000000d8522450,0x00000000d8780000)
  to   space 9216K, 0% used [0x00000000d7600000,0x00000000d7600000,0x00000000d7f00000)
 ParOldGen       total 25088K, used 16481K [0x0000000081a00000, 0x0000000083280000, 0x00000000d5e00000)
  object space 25088K, 65% used [0x0000000081a00000,0x0000000082a185b8,0x0000000083280000)
 Metaspace       used 12974K, capacity 13124K, committed 13312K, reserved 1060864K
  class space    used 1459K, capacity 1496K, committed 1536K, reserved 1048576K
}
Event: 1.622 GC heap before
{Heap before GC invocations=19 (full 2):
 PSYoungGen      total 33280K, used 30857K [0x00000000d5e00000, 0x00000000d8880000, 0x0000000100000000)
  eden space 24576K, 100% used [0x00000000d5e00000,0x00000000d7600000,0x00000000d7600000)
  from space 8704K, 72% used [0x00000000d7f00000,0x00000000d8522450,0x00000000d8780000)
  to   space 9216K, 0% used [0x00000000d7600000,0x00000000d7600000,0x00000000d7f00000)
 ParOldGen       total 25088K, used 16481K [0x0000000081a00000, 0x0000000083280000, 0x00000000d5e00000)
  object space 25088K, 65% used [0x0000000081a00000,0x0000000082a185b8,0x0000000083280000)
 Metaspace       used 12977K, capacity 13124K, committed 13312K, reserved 1060864K
  class space    used 1459K, capacity 1496K, committed 1536K, reserved 1048576K
Event: 1.625 GC heap after
Heap after GC invocations=19 (full 2):
 PSYoungGen      total 33792K, used 6496K [0x00000000d5e00000, 0x00000000d8d00000, 0x0000000100000000)
  eden space 24576K, 0% used [0x00000000d5e00000,0x00000000d5e00000,0x00000000d7600000)
  from space 9216K, 70% used [0x00000000d7600000,0x00000000d7c58188,0x00000000d7f00000)
  to   space 9728K, 0% used [0x00000000d8380000,0x00000000d8380000,0x00000000d8d00000)
 ParOldGen       total 25088K, used 16481K [0x0000000081a00000, 0x0000000083280000, 0x00000000d5e00000)
  object space 25088K, 65% used [0x0000000081a00000,0x0000000082a185b8,0x0000000083280000)
 Metaspace       used 12977K, capacity 13124K, committed 13312K, reserved 1060864K
  class space    used 1459K, capacity 1496K, committed 1536K, reserved 1048576K
}
Event: 1.683 GC heap before
{Heap before GC invocations=20 (full 2):
 PSYoungGen      total 33792K, used 31072K [0x00000000d5e00000, 0x00000000d8d00000, 0x0000000100000000)
  eden space 24576K, 100% used [0x00000000d5e00000,0x00000000d7600000,0x00000000d7600000)
  from space 9216K, 70% used [0x00000000d7600000,0x00000000d7c58188,0x00000000d7f00000)
  to   space 9728K, 0% used [0x00000000d8380000,0x00000000d8380000,0x00000000d8d00000)
 ParOldGen       total 25088K, used 16481K [0x0000000081a00000, 0x0000000083280000, 0x00000000d5e00000)
  object space 25088K, 65% used [0x0000000081a00000,0x0000000082a185b8,0x0000000083280000)
 Metaspace       used 12981K, capacity 13124K, committed 13312K, reserved 1060864K
  class space    used 1459K, capacity 1496K, committed 1536K, reserved 1048576K
Event: 1.688 GC heap after
Heap after GC invocations=20 (full 2):
 PSYoungGen      total 34304K, used 6153K [0x00000000d5e00000, 0x00000000d8d00000, 0x0000000100000000)
  eden space 24576K, 0% used [0x00000000d5e00000,0x00000000d5e00000,0x00000000d7600000)
  from space 9728K, 63% used [0x00000000d8380000,0x00000000d8982450,0x00000000d8d00000)
  to   space 9216K, 0% used [0x00000000d7600000,0x00000000d7600000,0x00000000d7f00000)
 ParOldGen       total 25088K, used 16489K [0x0000000081a00000, 0x0000000083280000, 0x00000000d5e00000)
  object space 25088K, 65% used [0x0000000081a00000,0x0000000082a1a5b8,0x0000000083280000)
 Metaspace       used 12981K, capacity 13124K, committed 13312K, reserved 1060864K
  class space    used 1459K, capacity 1496K, committed 1536K, reserved 1048576K
}

